This file contains any messages produced by compilers while
running configure, to aid debugging if configure makes a mistake.

It was created by libpafe configure 0.0.8, which was
generated by GNU Autoconf 2.68.  Invocation command line was

  $ ./configure 

## --------- ##
## Platform. ##
## --------- ##

hostname = shunkin
uname -m = x86_64
uname -r = 15.0.0
uname -s = Darwin
uname -v = Darwin Kernel Version 15.0.0: Wed Aug 26 16:57:32 PDT 2015; root:xnu-3247.1.106~1/RELEASE_X86_64

/usr/bin/uname -p = i386
/bin/uname -X     = unknown

/bin/arch              = unknown
/usr/bin/arch -k       = unknown
/usr/convex/getsysinfo = unknown
/usr/bin/hostinfo      = Mach kernel version:
	 Darwin Kernel Version 15.0.0: Wed Aug 26 16:57:32 PDT 2015; root:xnu-3247.1.106~1/RELEASE_X86_64
Kernel configured for up to 4 processors.
2 processors are physically available.
4 processors are logically available.
Processor type: x86_64h (Intel x86-64h Haswell)
Processors active: 0 1 2 3
Primary memory available: 8.00 gigabytes
Default processor set: 337 tasks, 1728 threads, 4 processors
Load average: 2.35, Mach factor: 1.64
/bin/machine           = unknown
/usr/bin/oslevel       = unknown
/bin/universe          = unknown

PATH: /usr/local/sbin
PATH: /Users/kinoshitashun/.rbenv/shims
PATH: /Applications/Arduino.app/Contents/Java/hardware/tools/avr/bin
PATH: /usr/local
PATH: /usr/local/bin
PATH: /usr/local/heroku/bin
PATH: /Volumes/case-sensitive/esp-open-sdk/xtensa-lx106-elf/bin
PATH: /usr/local/share/npm/bin
PATH: /Users/kinoshitashun/.nvm/v0.11.14/bin
PATH: /usr/local/Cellar/ant/1.9.4/bin
PATH: /usr/local/bin
PATH: /usr/bin
PATH: /bin
PATH: /usr/sbin
PATH: /sbin
PATH: /opt/X11/bin
PATH: /usr/texbin
PATH: /Users/kinoshitashun/sdk/platform-tools/
PATH: /Users/kinoshitashun/bin/FDK/Tools/osx


## ----------- ##
## Core tests. ##
## ----------- ##

configure:2425: checking for a BSD-compatible install
configure:2493: result: /usr/local/bin/ginstall -c
configure:2504: checking whether build environment is sane
configure:2554: result: yes
configure:2695: checking for a thread-safe mkdir -p
configure:2734: result: /usr/local/bin/gmkdir -p
configure:2747: checking for gawk
configure:2763: found /usr/local/bin/gawk
configure:2774: result: gawk
configure:2785: checking whether make sets $(MAKE)
configure:2807: result: yes
configure:2942: checking for gcc
configure:2958: found /usr/local/bin/gcc
configure:2969: result: gcc
configure:3198: checking for C compiler version
configure:3207: gcc --version >&5
gcc (Homebrew gcc 5.2.0) 5.2.0
Copyright (C) 2015 Free Software Foundation, Inc.
This is free software; see the source for copying conditions.  There is NO
warranty; not even for MERCHANTABILITY or FITNESS FOR A PARTICULAR PURPOSE.

configure:3218: $? = 0
configure:3207: gcc -v >&5
Using built-in specs.
COLLECT_GCC=gcc
COLLECT_LTO_WRAPPER=/usr/local/Cellar/gcc/5.2.0/libexec/gcc/x86_64-apple-darwin14.4.0/5.2.0/lto-wrapper
Target: x86_64-apple-darwin14.4.0
Configured with: ../configure --build=x86_64-apple-darwin14.4.0 --prefix=/usr/local/Cellar/gcc/5.2.0 --libdir=/usr/local/Cellar/gcc/5.2.0/lib/gcc/5 --enable-languages=c,c++,objc,obj-c++,fortran --program-suffix=-5 --with-gmp=/usr/local/opt/gmp --with-mpfr=/usr/local/opt/mpfr --with-mpc=/usr/local/opt/libmpc --with-isl=/usr/local/opt/isl --with-system-zlib --enable-libstdcxx-time=yes --enable-stage1-checking --enable-checking=release --enable-lto --with-build-config=bootstrap-debug --disable-werror --with-pkgversion='Homebrew gcc 5.2.0' --with-bugurl=https://github.com/Homebrew/homebrew/issues --enable-plugin --disable-nls --enable-multilib
Thread model: posix
gcc version 5.2.0 (Homebrew gcc 5.2.0) 
configure:3218: $? = 0
configure:3207: gcc -V >&5
gcc: error: unrecognized command line option '-V'
gcc: fatal error: no input files
compilation terminated.
configure:3218: $? = 1
configure:3207: gcc -qversion >&5
gcc: error: unrecognized command line option '-qversion'
gcc: fatal error: no input files
compilation terminated.
configure:3218: $? = 1
configure:3238: checking whether the C compiler works
configure:3260: gcc    conftest.c  >&5
configure:3264: $? = 0
configure:3312: result: yes
configure:3315: checking for C compiler default output file name
configure:3317: result: a.out
configure:3323: checking for suffix of executables
configure:3330: gcc -o conftest    conftest.c  >&5
configure:3334: $? = 0
configure:3356: result: 
configure:3378: checking whether we are cross compiling
configure:3386: gcc -o conftest    conftest.c  >&5
configure:3390: $? = 0
configure:3397: ./conftest
configure:3401: $? = 0
configure:3416: result: no
configure:3421: checking for suffix of object files
configure:3443: gcc -c   conftest.c >&5
configure:3447: $? = 0
configure:3468: result: o
configure:3472: checking whether we are using the GNU C compiler
configure:3491: gcc -c   conftest.c >&5
configure:3491: $? = 0
configure:3500: result: yes
configure:3509: checking whether gcc accepts -g
configure:3529: gcc -c -g  conftest.c >&5
configure:3529: $? = 0
configure:3570: result: yes
configure:3587: checking for gcc option to accept ISO C89
configure:3651: gcc  -c -g -O2  conftest.c >&5
configure:3651: $? = 0
configure:3664: result: none needed
configure:3695: checking for style of include used by make
configure:3723: result: GNU
configure:3749: checking dependency style of gcc
configure:3860: result: gcc3
configure:3876: checking whether gcc and cc understand -c and -o together
configure:3907: gcc -c conftest.c -o conftest2.o >&5
configure:3911: $? = 0
configure:3917: gcc -c conftest.c -o conftest2.o >&5
configure:3921: $? = 0
configure:3932: cc -c conftest.c >&5
configure:3936: $? = 0
configure:3944: cc -c conftest.c -o conftest2.o >&5
configure:3948: $? = 0
configure:3954: cc -c conftest.c -o conftest2.o >&5
configure:3958: $? = 0
configure:3976: result: yes
configure:4031: checking build system type
configure:4045: result: x86_64-apple-darwin15.0.0
configure:4065: checking host system type
configure:4078: result: x86_64-apple-darwin15.0.0
configure:4119: checking how to print strings
configure:4146: result: printf
configure:4167: checking for a sed that does not truncate output
configure:4231: result: /usr/local/bin/sed
configure:4249: checking for grep that handles long lines and -e
configure:4307: result: /usr/local/bin/grep
configure:4312: checking for egrep
configure:4374: result: /usr/local/bin/grep -E
configure:4379: checking for fgrep
configure:4441: result: /usr/local/bin/grep -F
configure:4476: checking for ld used by gcc
configure:4543: result: /usr/bin/ld
configure:4550: checking if the linker (/usr/bin/ld) is GNU ld
configure:4565: result: no
configure:4577: checking for BSD- or MS-compatible name lister (nm)
configure:4626: result: /usr/bin/nm
configure:4756: checking the name lister (/usr/bin/nm) interface
configure:4763: gcc -c -g -O2  conftest.c >&5
configure:4766: /usr/bin/nm "conftest.o"
configure:4769: output
00000000000001c0 S _some_variable
configure:4776: result: BSD nm
configure:4779: checking whether ln -s works
configure:4783: result: yes
configure:4791: checking the maximum length of command line arguments
configure:4921: result: 196608
configure:4938: checking whether the shell understands some XSI constructs
configure:4948: result: yes
configure:4952: checking whether the shell understands "+="
configure:4958: result: yes
configure:4993: checking how to convert x86_64-apple-darwin15.0.0 file names to x86_64-apple-darwin15.0.0 format
configure:5033: result: func_convert_file_noop
configure:5040: checking how to convert x86_64-apple-darwin15.0.0 file names to toolchain format
configure:5060: result: func_convert_file_noop
configure:5067: checking for /usr/bin/ld option to reload object files
configure:5074: result: -r
configure:5148: checking for objdump
configure:5178: result: no
configure:5207: checking how to recognize dependent libraries
configure:5409: result: pass_all
configure:5494: checking for dlltool
configure:5524: result: no
configure:5554: checking how to associate runtime and link libraries
configure:5581: result: printf %s\n
configure:5642: checking for ar
configure:5658: found /usr/bin/ar
configure:5669: result: ar
configure:5706: checking for archiver @FILE support
configure:5723: gcc -c -g -O2  conftest.c >&5
configure:5723: $? = 0
configure:5726: ar cru libconftest.a @conftest.lst >&5
ar: @conftest.lst: No such file or directory
configure:5729: $? = 1
configure:5749: result: no
configure:5807: checking for strip
configure:5823: found /usr/bin/strip
configure:5834: result: strip
configure:5906: checking for ranlib
configure:5922: found /usr/bin/ranlib
configure:5933: result: ranlib
configure:6035: checking command to parse /usr/bin/nm output from gcc object
configure:6155: gcc -c -g -O2  conftest.c >&5
configure:6158: $? = 0
configure:6162: /usr/bin/nm conftest.o \| sed -n -e 's/^.*[ ]\([BCDEGRST][BCDEGRST]*\)[ ][ ]*\([_A-Za-z][_A-Za-z0-9]*\)$/\1 \2 \2/p' | sed '/ __gnu_lto/d' \> conftest.nm
configure:6165: $? = 0
cannot find nm_test_var in conftest.nm
configure:6155: gcc -c -g -O2  conftest.c >&5
configure:6158: $? = 0
configure:6162: /usr/bin/nm conftest.o \| sed -n -e 's/^.*[ ]\([BCDEGRST][BCDEGRST]*\)[ ][ ]*_\([_A-Za-z][_A-Za-z0-9]*\)$/\1 _\2 \2/p' | sed '/ __gnu_lto/d' \> conftest.nm
configure:6165: $? = 0
configure:6231: gcc -o conftest -g -O2   conftest.c conftstm.o >&5
warning: (x86_64)  could not find object file symbol for symbol _main
configure:6234: $? = 0
configure:6272: result: ok
configure:6309: checking for sysroot
configure:6339: result: no
configure:6595: checking for mt
configure:6625: result: no
configure:6645: checking if : is a manifest tool
configure:6651: : '-?'
configure:6659: result: no
configure:6715: checking for dsymutil
configure:6731: found /usr/bin/dsymutil
configure:6742: result: dsymutil
configure:6807: checking for nmedit
configure:6823: found /usr/bin/nmedit
configure:6834: result: nmedit
configure:6899: checking for lipo
configure:6915: found /usr/bin/lipo
configure:6926: result: lipo
configure:6991: checking for otool
configure:7007: found /usr/bin/otool
configure:7018: result: otool
configure:7083: checking for otool64
configure:7113: result: no
configure:7158: checking for -single_module linker flag
gcc -g -O2  -o libconftest.dylib -dynamiclib -Wl,-single_module conftest.c
configure:7191: result: yes
configure:7194: checking for -exported_symbols_list linker flag
configure:7214: gcc -o conftest -g -O2   -Wl,-exported_symbols_list,conftest.sym conftest.c  >&5
configure:7214: $? = 0
configure:7224: result: yes
configure:7227: checking for -force_load linker flag
gcc -g -O2 -c -o conftest.o conftest.c
ar cru libconftest.a conftest.o
ranlib libconftest.a
gcc -g -O2  -o conftest conftest.c -Wl,-force_load,./libconftest.a
configure:7259: result: yes
configure:7301: checking how to run the C preprocessor
configure:7332: gcc -E  conftest.c
configure:7332: $? = 0
configure:7346: gcc -E  conftest.c
conftest.c:11:28: fatal error: ac_nonexistent.h: No such file or directory
compilation terminated.
configure:7346: $? = 1
configure: failed program was:
| /* confdefs.h */
| #define PACKAGE_NAME "libpafe"
| #define PACKAGE_TARNAME "libpafe"
| #define PACKAGE_VERSION "0.0.8"
| #define PACKAGE_STRING "libpafe 0.0.8"
| #define PACKAGE_BUGREPORT "ZXB01226@nifty.com"
| #define PACKAGE_URL ""
| #define PACKAGE "libpafe"
| #define VERSION "0.0.8"
| /* end confdefs.h.  */
| #include <ac_nonexistent.h>
configure:7371: result: gcc -E
configure:7391: gcc -E  conftest.c
configure:7391: $? = 0
configure:7405: gcc -E  conftest.c
conftest.c:11:28: fatal error: ac_nonexistent.h: No such file or directory
compilation terminated.
configure:7405: $? = 1
configure: failed program was:
| /* confdefs.h */
| #define PACKAGE_NAME "libpafe"
| #define PACKAGE_TARNAME "libpafe"
| #define PACKAGE_VERSION "0.0.8"
| #define PACKAGE_STRING "libpafe 0.0.8"
| #define PACKAGE_BUGREPORT "ZXB01226@nifty.com"
| #define PACKAGE_URL ""
| #define PACKAGE "libpafe"
| #define VERSION "0.0.8"
| /* end confdefs.h.  */
| #include <ac_nonexistent.h>
configure:7434: checking for ANSI C header files
configure:7454: gcc -c -g -O2  conftest.c >&5
configure:7454: $? = 0
configure:7527: gcc -o conftest -g -O2   conftest.c  >&5
configure:7527: $? = 0
configure:7527: ./conftest
configure:7527: $? = 0
configure:7538: result: yes
configure:7551: checking for sys/types.h
configure:7551: gcc -c -g -O2  conftest.c >&5
configure:7551: $? = 0
configure:7551: result: yes
configure:7551: checking for sys/stat.h
configure:7551: gcc -c -g -O2  conftest.c >&5
configure:7551: $? = 0
configure:7551: result: yes
configure:7551: checking for stdlib.h
configure:7551: gcc -c -g -O2  conftest.c >&5
configure:7551: $? = 0
configure:7551: result: yes
configure:7551: checking for string.h
configure:7551: gcc -c -g -O2  conftest.c >&5
configure:7551: $? = 0
configure:7551: result: yes
configure:7551: checking for memory.h
configure:7551: gcc -c -g -O2  conftest.c >&5
configure:7551: $? = 0
configure:7551: result: yes
configure:7551: checking for strings.h
configure:7551: gcc -c -g -O2  conftest.c >&5
configure:7551: $? = 0
configure:7551: result: yes
configure:7551: checking for inttypes.h
configure:7551: gcc -c -g -O2  conftest.c >&5
configure:7551: $? = 0
configure:7551: result: yes
configure:7551: checking for stdint.h
configure:7551: gcc -c -g -O2  conftest.c >&5
configure:7551: $? = 0
configure:7551: result: yes
configure:7551: checking for unistd.h
configure:7551: gcc -c -g -O2  conftest.c >&5
configure:7551: $? = 0
configure:7551: result: yes
configure:7565: checking for dlfcn.h
configure:7565: gcc -c -g -O2  conftest.c >&5
configure:7565: $? = 0
configure:7565: result: yes
configure:7771: checking for objdir
configure:7786: result: .libs
configure:8053: checking if gcc supports -fno-rtti -fno-exceptions
configure:8071: gcc -c -g -O2  -fno-rtti -fno-exceptions conftest.c >&5
cc1: warning: command line option '-fno-rtti' is valid for C++/ObjC++ but not for C
configure:8075: $? = 0
configure:8088: result: no
configure:8415: checking for gcc option to produce PIC
configure:8422: result: -fno-common -DPIC
configure:8430: checking if gcc PIC flag -fno-common -DPIC works
configure:8448: gcc -c -g -O2  -fno-common -DPIC -DPIC conftest.c >&5
configure:8452: $? = 0
configure:8465: result: yes
configure:8494: checking if gcc static flag -static works
configure:8522: result: no
configure:8537: checking if gcc supports -c -o file.o
configure:8558: gcc -c -g -O2  -o out/conftest2.o conftest.c >&5
configure:8562: $? = 0
configure:8584: result: yes
configure:8592: checking if gcc supports -c -o file.o
configure:8639: result: yes
configure:8672: checking whether the gcc linker (/usr/bin/ld) supports shared libraries
configure:9829: result: yes
configure:10069: checking dynamic linker characteristics
configure:10814: result: darwin15.0.0 dyld
configure:10921: checking how to hardcode library paths into programs
configure:10946: result: immediate
configure:11486: checking whether stripping libraries is possible
configure:11500: result: yes
configure:11526: checking if libtool supports shared libraries
configure:11528: result: yes
configure:11531: checking whether to build shared libraries
configure:11552: result: yes
configure:11555: checking whether to build static libraries
configure:11559: result: yes
configure:11627: checking whether make sets $(MAKE)
configure:11649: result: yes
configure:11660: checking for ANSI C header files
configure:11764: result: yes
configure:11775: checking fcntl.h usability
configure:11775: gcc -c -g -O2  conftest.c >&5
configure:11775: $? = 0
configure:11775: result: yes
configure:11775: checking fcntl.h presence
configure:11775: gcc -E  conftest.c
configure:11775: $? = 0
configure:11775: result: yes
configure:11775: checking for fcntl.h
configure:11775: result: yes
configure:11775: checking for stdlib.h
configure:11775: result: yes
configure:11775: checking stdio.h usability
configure:11775: gcc -c -g -O2  conftest.c >&5
configure:11775: $? = 0
configure:11775: result: yes
configure:11775: checking stdio.h presence
configure:11775: gcc -E  conftest.c
configure:11775: $? = 0
configure:11775: result: yes
configure:11775: checking for stdio.h
configure:11775: result: yes
configure:11775: checking for string.h
configure:11775: result: yes
configure:11775: checking sys/ioctl.h usability
configure:11775: gcc -c -g -O2  conftest.c >&5
configure:11775: $? = 0
configure:11775: result: yes
configure:11775: checking sys/ioctl.h presence
configure:11775: gcc -E  conftest.c
configure:11775: $? = 0
configure:11775: result: yes
configure:11775: checking for sys/ioctl.h
configure:11775: result: yes
configure:11787: checking for an ANSI C-conforming const
configure:11852: gcc -c -g -O2  conftest.c >&5
configure:11852: $? = 0
configure:11859: result: yes
configure:11867: checking whether time.h and sys/time.h may both be included
configure:11887: gcc -c -g -O2  conftest.c >&5
configure:11887: $? = 0
configure:11894: result: yes
configure:11902: checking whether struct tm is in sys/time.h or time.h
configure:11922: gcc -c -g -O2  conftest.c >&5
configure:11922: $? = 0
configure:11929: result: time.h
configure:11942: checking size of short
configure:11947: gcc -o conftest -g -O2   conftest.c  >&5
configure:11947: $? = 0
configure:11947: ./conftest
configure:11947: $? = 0
configure:11961: result: 2
configure:11974: checking whether gcc needs -traditional
conftest.c:31:20: fatal error: termio.h: No such file or directory
compilation terminated.
configure:12008: result: no
configure:12017: checking for stdlib.h
configure:12017: result: yes
configure:12027: checking for GNU libc compatible malloc
configure:12051: gcc -o conftest -g -O2   conftest.c  >&5
configure:12051: $? = 0
configure:12051: ./conftest
configure:12051: $? = 0
configure:12061: result: yes
configure:12088: checking for sys/time.h
configure:12088: gcc -c -g -O2  conftest.c >&5
configure:12088: $? = 0
configure:12088: result: yes
configure:12088: checking for unistd.h
configure:12088: result: yes
configure:12109: checking for alarm
configure:12109: gcc -o conftest -g -O2   conftest.c  >&5
configure:12109: $? = 0
configure:12109: result: yes
configure:12122: checking for working mktime
configure:12324: gcc -o conftest -g -O2   conftest.c  >&5
configure:12324: $? = 0
configure:12324: ./conftest
configure:12324: $? = 1
configure: program exited with status 1
configure: failed program was:
| /* confdefs.h */
| #define PACKAGE_NAME "libpafe"
| #define PACKAGE_TARNAME "libpafe"
| #define PACKAGE_VERSION "0.0.8"
| #define PACKAGE_STRING "libpafe 0.0.8"
| #define PACKAGE_BUGREPORT "ZXB01226@nifty.com"
| #define PACKAGE_URL ""
| #define PACKAGE "libpafe"
| #define VERSION "0.0.8"
| #define STDC_HEADERS 1
| #define HAVE_SYS_TYPES_H 1
| #define HAVE_SYS_STAT_H 1
| #define HAVE_STDLIB_H 1
| #define HAVE_STRING_H 1
| #define HAVE_MEMORY_H 1
| #define HAVE_STRINGS_H 1
| #define HAVE_INTTYPES_H 1
| #define HAVE_STDINT_H 1
| #define HAVE_UNISTD_H 1
| #define HAVE_DLFCN_H 1
| #define LT_OBJDIR ".libs/"
| #define STDC_HEADERS 1
| #define HAVE_FCNTL_H 1
| #define HAVE_STDLIB_H 1
| #define HAVE_STDIO_H 1
| #define HAVE_STRING_H 1
| #define HAVE_SYS_IOCTL_H 1
| #define TIME_WITH_SYS_TIME 1
| #define SIZEOF_SHORT 2
| #define HAVE_STDLIB_H 1
| #define HAVE_MALLOC 1
| #define HAVE_SYS_TIME_H 1
| #define HAVE_UNISTD_H 1
| #define HAVE_ALARM 1
| /* end confdefs.h.  */
| /* Test program from Paul Eggert and Tony Leneis.  */
| #ifdef TIME_WITH_SYS_TIME
| # include <sys/time.h>
| # include <time.h>
| #else
| # ifdef HAVE_SYS_TIME_H
| #  include <sys/time.h>
| # else
| #  include <time.h>
| # endif
| #endif
| 
| #include <limits.h>
| #include <stdlib.h>
| 
| #ifdef HAVE_UNISTD_H
| # include <unistd.h>
| #endif
| 
| #ifndef HAVE_ALARM
| # define alarm(X) /* empty */
| #endif
| 
| /* Work around redefinition to rpl_putenv by other config tests.  */
| #undef putenv
| 
| static time_t time_t_max;
| static time_t time_t_min;
| 
| /* Values we'll use to set the TZ environment variable.  */
| static const char *tz_strings[] = {
|   (const char *) 0, "TZ=GMT0", "TZ=JST-9",
|   "TZ=EST+3EDT+2,M10.1.0/00:00:00,M2.3.0/00:00:00"
| };
| #define N_STRINGS (sizeof (tz_strings) / sizeof (tz_strings[0]))
| 
| /* Return 0 if mktime fails to convert a date in the spring-forward gap.
|    Based on a problem report from Andreas Jaeger.  */
| static int
| spring_forward_gap ()
| {
|   /* glibc (up to about 1998-10-07) failed this test. */
|   struct tm tm;
| 
|   /* Use the portable POSIX.1 specification "TZ=PST8PDT,M4.1.0,M10.5.0"
|      instead of "TZ=America/Vancouver" in order to detect the bug even
|      on systems that don't support the Olson extension, or don't have the
|      full zoneinfo tables installed.  */
|   putenv ((char*) "TZ=PST8PDT,M4.1.0,M10.5.0");
| 
|   tm.tm_year = 98;
|   tm.tm_mon = 3;
|   tm.tm_mday = 5;
|   tm.tm_hour = 2;
|   tm.tm_min = 0;
|   tm.tm_sec = 0;
|   tm.tm_isdst = -1;
|   return mktime (&tm) != (time_t) -1;
| }
| 
| static int
| mktime_test1 (time_t now)
| {
|   struct tm *lt;
|   return ! (lt = localtime (&now)) || mktime (lt) == now;
| }
| 
| static int
| mktime_test (time_t now)
| {
|   return (mktime_test1 (now)
| 	  && mktime_test1 ((time_t) (time_t_max - now))
| 	  && mktime_test1 ((time_t) (time_t_min + now)));
| }
| 
| static int
| irix_6_4_bug ()
| {
|   /* Based on code from Ariel Faigon.  */
|   struct tm tm;
|   tm.tm_year = 96;
|   tm.tm_mon = 3;
|   tm.tm_mday = 0;
|   tm.tm_hour = 0;
|   tm.tm_min = 0;
|   tm.tm_sec = 0;
|   tm.tm_isdst = -1;
|   mktime (&tm);
|   return tm.tm_mon == 2 && tm.tm_mday == 31;
| }
| 
| static int
| bigtime_test (int j)
| {
|   struct tm tm;
|   time_t now;
|   tm.tm_year = tm.tm_mon = tm.tm_mday = tm.tm_hour = tm.tm_min = tm.tm_sec = j;
|   now = mktime (&tm);
|   if (now != (time_t) -1)
|     {
|       struct tm *lt = localtime (&now);
|       if (! (lt
| 	     && lt->tm_year == tm.tm_year
| 	     && lt->tm_mon == tm.tm_mon
| 	     && lt->tm_mday == tm.tm_mday
| 	     && lt->tm_hour == tm.tm_hour
| 	     && lt->tm_min == tm.tm_min
| 	     && lt->tm_sec == tm.tm_sec
| 	     && lt->tm_yday == tm.tm_yday
| 	     && lt->tm_wday == tm.tm_wday
| 	     && ((lt->tm_isdst < 0 ? -1 : 0 < lt->tm_isdst)
| 		  == (tm.tm_isdst < 0 ? -1 : 0 < tm.tm_isdst))))
| 	return 0;
|     }
|   return 1;
| }
| 
| static int
| year_2050_test ()
| {
|   /* The correct answer for 2050-02-01 00:00:00 in Pacific time,
|      ignoring leap seconds.  */
|   unsigned long int answer = 2527315200UL;
| 
|   struct tm tm;
|   time_t t;
|   tm.tm_year = 2050 - 1900;
|   tm.tm_mon = 2 - 1;
|   tm.tm_mday = 1;
|   tm.tm_hour = tm.tm_min = tm.tm_sec = 0;
|   tm.tm_isdst = -1;
| 
|   /* Use the portable POSIX.1 specification "TZ=PST8PDT,M4.1.0,M10.5.0"
|      instead of "TZ=America/Vancouver" in order to detect the bug even
|      on systems that don't support the Olson extension, or don't have the
|      full zoneinfo tables installed.  */
|   putenv ((char*) "TZ=PST8PDT,M4.1.0,M10.5.0");
| 
|   t = mktime (&tm);
| 
|   /* Check that the result is either a failure, or close enough
|      to the correct answer that we can assume the discrepancy is
|      due to leap seconds.  */
|   return (t == (time_t) -1
| 	  || (0 < t && answer - 120 <= t && t <= answer + 120));
| }
| 
| int
| main ()
| {
|   time_t t, delta;
|   int i, j;
| 
|   /* This test makes some buggy mktime implementations loop.
|      Give up after 60 seconds; a mktime slower than that
|      isn't worth using anyway.  */
|   alarm (60);
| 
|   for (;;)
|     {
|       t = (time_t_max << 1) + 1;
|       if (t <= time_t_max)
| 	break;
|       time_t_max = t;
|     }
|   time_t_min = - ((time_t) ~ (time_t) 0 == (time_t) -1) - time_t_max;
| 
|   delta = time_t_max / 997; /* a suitable prime number */
|   for (i = 0; i < N_STRINGS; i++)
|     {
|       if (tz_strings[i])
| 	putenv ((char*) tz_strings[i]);
| 
|       for (t = 0; t <= time_t_max - delta; t += delta)
| 	if (! mktime_test (t))
| 	  return 1;
|       if (! (mktime_test ((time_t) 1)
| 	     && mktime_test ((time_t) (60 * 60))
| 	     && mktime_test ((time_t) (60 * 60 * 24))))
| 	return 1;
| 
|       for (j = 1; ; j <<= 1)
| 	if (! bigtime_test (j))
| 	  return 1;
| 	else if (INT_MAX / 2 < j)
| 	  break;
|       if (! bigtime_test (INT_MAX))
| 	return 1;
|     }
|   return ! (irix_6_4_bug () && spring_forward_gap () && year_2050_test ());
| }
configure:12334: result: no
configure:12348: checking sys/select.h usability
configure:12348: gcc -c -g -O2  conftest.c >&5
configure:12348: $? = 0
configure:12348: result: yes
configure:12348: checking sys/select.h presence
configure:12348: gcc -E  conftest.c
configure:12348: $? = 0
configure:12348: result: yes
configure:12348: checking for sys/select.h
configure:12348: result: yes
configure:12348: checking sys/socket.h usability
configure:12348: gcc -c -g -O2  conftest.c >&5
configure:12348: $? = 0
configure:12348: result: yes
configure:12348: checking sys/socket.h presence
configure:12348: gcc -E  conftest.c
configure:12348: $? = 0
configure:12348: result: yes
configure:12348: checking for sys/socket.h
configure:12348: result: yes
configure:12358: checking types of arguments for select
configure:12386: gcc -c -g -O2  conftest.c >&5
configure:12386: $? = 0
configure:12397: result: int,fd_set *,struct timeval *
configure:12422: checking for select
configure:12422: gcc -o conftest -g -O2   conftest.c  >&5
configure:12422: $? = 0
configure:12422: result: yes
configure:12488: checking for pkg-config
configure:12506: found /usr/local/bin/pkg-config
configure:12518: result: /usr/local/bin/pkg-config
configure:12543: checking pkg-config is at least version 0.9.0
configure:12546: result: yes
configure:12556: checking for LIBUSB
configure:12563: $PKG_CONFIG --exists --print-errors "libusb-1.0 >= 1.0.8"
configure:12566: $? = 0
configure:12580: $PKG_CONFIG --exists --print-errors "libusb-1.0 >= 1.0.8"
configure:12583: $? = 0
configure:12621: result: yes
configure:12857: creating ./config.status

## ---------------------- ##
## Running config.status. ##
## ---------------------- ##

This file was extended by libpafe config.status 0.0.8, which was
generated by GNU Autoconf 2.68.  Invocation command line was

  CONFIG_FILES    = 
  CONFIG_HEADERS  = 
  CONFIG_LINKS    = 
  CONFIG_COMMANDS = 
  $ ./config.status 

on shunkin

config.status:1114: creating Makefile
config.status:1114: creating src/Makefile
config.status:1114: creating tests/Makefile
config.status:1114: creating debian/Makefile
config.status:1114: creating spec/Makefile
config.status:1114: creating config.h
config.status:1343: executing depfiles commands
config.status:1343: executing libtool commands

## ---------------- ##
## Cache variables. ##
## ---------------- ##

ac_cv_build=x86_64-apple-darwin15.0.0
ac_cv_c_compiler_gnu=yes
ac_cv_c_const=yes
ac_cv_env_CC_set=
ac_cv_env_CC_value=
ac_cv_env_CFLAGS_set=
ac_cv_env_CFLAGS_value=
ac_cv_env_CPPFLAGS_set=
ac_cv_env_CPPFLAGS_value=
ac_cv_env_CPP_set=
ac_cv_env_CPP_value=
ac_cv_env_LDFLAGS_set=
ac_cv_env_LDFLAGS_value=
ac_cv_env_LIBS_set=
ac_cv_env_LIBS_value=
ac_cv_env_LIBUSB_CFLAGS_set=
ac_cv_env_LIBUSB_CFLAGS_value=
ac_cv_env_LIBUSB_LIBS_set=
ac_cv_env_LIBUSB_LIBS_value=
ac_cv_env_PKG_CONFIG_LIBDIR_set=
ac_cv_env_PKG_CONFIG_LIBDIR_value=
ac_cv_env_PKG_CONFIG_PATH_set=
ac_cv_env_PKG_CONFIG_PATH_value=
ac_cv_env_PKG_CONFIG_set=
ac_cv_env_PKG_CONFIG_value=
ac_cv_env_build_alias_set=
ac_cv_env_build_alias_value=
ac_cv_env_host_alias_set=
ac_cv_env_host_alias_value=
ac_cv_env_target_alias_set=
ac_cv_env_target_alias_value=
ac_cv_func_alarm=yes
ac_cv_func_malloc_0_nonnull=yes
ac_cv_func_select=yes
ac_cv_func_select_args='int,fd_set *,struct timeval *'
ac_cv_func_working_mktime=no
ac_cv_header_dlfcn_h=yes
ac_cv_header_fcntl_h=yes
ac_cv_header_inttypes_h=yes
ac_cv_header_memory_h=yes
ac_cv_header_stdc=yes
ac_cv_header_stdint_h=yes
ac_cv_header_stdio_h=yes
ac_cv_header_stdlib_h=yes
ac_cv_header_string_h=yes
ac_cv_header_strings_h=yes
ac_cv_header_sys_ioctl_h=yes
ac_cv_header_sys_select_h=yes
ac_cv_header_sys_socket_h=yes
ac_cv_header_sys_stat_h=yes
ac_cv_header_sys_time_h=yes
ac_cv_header_sys_types_h=yes
ac_cv_header_time=yes
ac_cv_header_unistd_h=yes
ac_cv_host=x86_64-apple-darwin15.0.0
ac_cv_objext=o
ac_cv_path_EGREP='/usr/local/bin/grep -E'
ac_cv_path_FGREP='/usr/local/bin/grep -F'
ac_cv_path_GREP=/usr/local/bin/grep
ac_cv_path_SED=/usr/local/bin/sed
ac_cv_path_ac_pt_PKG_CONFIG=/usr/local/bin/pkg-config
ac_cv_path_install='/usr/local/bin/ginstall -c'
ac_cv_path_mkdir=/usr/local/bin/gmkdir
ac_cv_prog_AWK=gawk
ac_cv_prog_CPP='gcc -E'
ac_cv_prog_ac_ct_AR=ar
ac_cv_prog_ac_ct_CC=gcc
ac_cv_prog_ac_ct_DSYMUTIL=dsymutil
ac_cv_prog_ac_ct_LIPO=lipo
ac_cv_prog_ac_ct_NMEDIT=nmedit
ac_cv_prog_ac_ct_OTOOL=otool
ac_cv_prog_ac_ct_RANLIB=ranlib
ac_cv_prog_ac_ct_STRIP=strip
ac_cv_prog_cc_c89=
ac_cv_prog_cc_g=yes
ac_cv_prog_cc_gcc_c_o=yes
ac_cv_prog_gcc_traditional=no
ac_cv_prog_make_make_set=yes
ac_cv_sizeof_short=2
ac_cv_struct_tm=time.h
am_cv_CC_dependencies_compiler_type=gcc3
lt_cv_apple_cc_single_mod=yes
lt_cv_ar_at_file=no
lt_cv_deplibs_check_method=pass_all
lt_cv_file_magic_cmd='$MAGIC_CMD'
lt_cv_file_magic_test_file=
lt_cv_ld_exported_symbols_list=yes
lt_cv_ld_force_load=yes
lt_cv_ld_reload_flag=-r
lt_cv_nm_interface='BSD nm'
lt_cv_objdir=.libs
lt_cv_path_LD=/usr/bin/ld
lt_cv_path_NM=/usr/bin/nm
lt_cv_path_mainfest_tool=no
lt_cv_prog_compiler_c_o=yes
lt_cv_prog_compiler_pic='-fno-common -DPIC'
lt_cv_prog_compiler_pic_works=yes
lt_cv_prog_compiler_rtti_exceptions=no
lt_cv_prog_compiler_static_works=no
lt_cv_prog_gnu_ld=no
lt_cv_sharedlib_from_linklib_cmd='printf %s\n'
lt_cv_sys_global_symbol_pipe='sed -n -e '\''s/^.*[	 ]\([BCDEGRST][BCDEGRST]*\)[	 ][	 ]*_\([_A-Za-z][_A-Za-z0-9]*\)$/\1 _\2 \2/p'\'' | sed '\''/ __gnu_lto/d'\'''
lt_cv_sys_global_symbol_to_c_name_address='sed -n -e '\''s/^: \([^ ]*\)[ ]*$/  {\"\1\", (void *) 0},/p'\'' -e '\''s/^[BCDEGRST]* \([^ ]*\) \([^ ]*\)$/  {"\2", (void *) \&\2},/p'\'''
lt_cv_sys_global_symbol_to_c_name_address_lib_prefix='sed -n -e '\''s/^: \([^ ]*\)[ ]*$/  {\"\1\", (void *) 0},/p'\'' -e '\''s/^[BCDEGRST]* \([^ ]*\) \(lib[^ ]*\)$/  {"\2", (void *) \&\2},/p'\'' -e '\''s/^[BCDEGRST]* \([^ ]*\) \([^ ]*\)$/  {"lib\2", (void *) \&\2},/p'\'''
lt_cv_sys_global_symbol_to_cdecl='sed -n -e '\''s/^T .* \(.*\)$/extern int \1();/p'\'' -e '\''s/^[BCDEGRST]* .* \(.*\)$/extern char \1;/p'\'''
lt_cv_sys_max_cmd_len=196608
lt_cv_to_host_file_cmd=func_convert_file_noop
lt_cv_to_tool_file_cmd=func_convert_file_noop
pkg_cv_LIBUSB_CFLAGS='-I/usr/local/Cellar/libusb/1.0.20/include/libusb-1.0 '
pkg_cv_LIBUSB_LIBS='-L/usr/local/Cellar/libusb/1.0.20/lib -lusb-1.0 '

## ----------------- ##
## Output variables. ##
## ----------------- ##

ACLOCAL='${SHELL} /Users/kinoshitashun/GoogleDrive/workspace/Lab/zanryuPrinting/libpafe-0.0.8/missing --run aclocal-1.11'
AMDEPBACKSLASH='\'
AMDEP_FALSE='#'
AMDEP_TRUE=''
AMTAR='$${TAR-tar}'
AR='ar'
AUTOCONF='${SHELL} /Users/kinoshitashun/GoogleDrive/workspace/Lab/zanryuPrinting/libpafe-0.0.8/missing --run autoconf'
AUTOHEADER='${SHELL} /Users/kinoshitashun/GoogleDrive/workspace/Lab/zanryuPrinting/libpafe-0.0.8/missing --run autoheader'
AUTOMAKE='${SHELL} /Users/kinoshitashun/GoogleDrive/workspace/Lab/zanryuPrinting/libpafe-0.0.8/missing --run automake-1.11'
AWK='gawk'
CC='gcc'
CCDEPMODE='depmode=gcc3'
CFLAGS='-g -O2'
CPP='gcc -E'
CPPFLAGS=''
CYGPATH_W='echo'
DEFS='-DHAVE_CONFIG_H'
DEPDIR='.deps'
DLLTOOL='false'
DSYMUTIL='dsymutil'
DUMPBIN=''
ECHO_C='\c'
ECHO_N=''
ECHO_T=''
EGREP='/usr/local/bin/grep -E'
EXEEXT=''
FGREP='/usr/local/bin/grep -F'
GREP='/usr/local/bin/grep'
INSTALL_DATA='${INSTALL} -m 644'
INSTALL_PROGRAM='${INSTALL}'
INSTALL_SCRIPT='${INSTALL}'
INSTALL_STRIP_PROGRAM='$(install_sh) -c -s'
LD='/usr/bin/ld'
LDFLAGS=''
LIBOBJS=' ${LIBOBJDIR}mktime$U.o'
LIBS=''
LIBTOOL='$(SHELL) $(top_builddir)/libtool'
LIBUSB_CFLAGS='-I/usr/local/Cellar/libusb/1.0.20/include/libusb-1.0 '
LIBUSB_LIBS='-L/usr/local/Cellar/libusb/1.0.20/lib -lusb-1.0 '
LIPO='lipo'
LN_S='ln -s'
LTLIBOBJS=' ${LIBOBJDIR}mktime$U.lo'
MAKEINFO='${SHELL} /Users/kinoshitashun/GoogleDrive/workspace/Lab/zanryuPrinting/libpafe-0.0.8/missing --run makeinfo'
MANIFEST_TOOL=':'
MKDIR_P='/usr/local/bin/gmkdir -p'
NM='/usr/bin/nm'
NMEDIT='nmedit'
OBJDUMP='false'
OBJEXT='o'
OTOOL64=':'
OTOOL='otool'
PACKAGE='libpafe'
PACKAGE_BUGREPORT='ZXB01226@nifty.com'
PACKAGE_NAME='libpafe'
PACKAGE_STRING='libpafe 0.0.8'
PACKAGE_TARNAME='libpafe'
PACKAGE_URL=''
PACKAGE_VERSION='0.0.8'
PATH_SEPARATOR=':'
PKG_CONFIG='/usr/local/bin/pkg-config'
PKG_CONFIG_LIBDIR=''
PKG_CONFIG_PATH=''
RANLIB='ranlib'
SED='/usr/local/bin/sed'
SET_MAKE=''
SHELL='/bin/sh'
STRIP='strip'
VERSION='0.0.8'
ac_ct_AR='ar'
ac_ct_CC='gcc'
ac_ct_DUMPBIN=''
am__EXEEXT_FALSE=''
am__EXEEXT_TRUE='#'
am__fastdepCC_FALSE='#'
am__fastdepCC_TRUE=''
am__include='include'
am__isrc=''
am__leading_dot='.'
am__nodep='_no'
am__quote=''
am__tar='$${TAR-tar} chof - "$$tardir"'
am__untar='$${TAR-tar} xf -'
bindir='${exec_prefix}/bin'
build='x86_64-apple-darwin15.0.0'
build_alias=''
build_cpu='x86_64'
build_os='darwin15.0.0'
build_vendor='apple'
datadir='${datarootdir}'
datarootdir='${prefix}/share'
docdir='${datarootdir}/doc/${PACKAGE_TARNAME}'
dvidir='${docdir}'
exec_prefix='${prefix}'
host='x86_64-apple-darwin15.0.0'
host_alias=''
host_cpu='x86_64'
host_os='darwin15.0.0'
host_vendor='apple'
htmldir='${docdir}'
includedir='${prefix}/include'
infodir='${datarootdir}/info'
install_sh='${SHELL} /Users/kinoshitashun/GoogleDrive/workspace/Lab/zanryuPrinting/libpafe-0.0.8/install-sh'
libdir='${exec_prefix}/lib'
libexecdir='${exec_prefix}/libexec'
localedir='${datarootdir}/locale'
localstatedir='${prefix}/var'
mandir='${datarootdir}/man'
mkdir_p='/usr/local/bin/gmkdir -p'
oldincludedir='/usr/include'
pdfdir='${docdir}'
prefix='/usr/local'
program_transform_name='s,x,x,'
psdir='${docdir}'
sbindir='${exec_prefix}/sbin'
sharedstatedir='${prefix}/com'
sysconfdir='${prefix}/etc'
target_alias=''

## ----------- ##
## confdefs.h. ##
## ----------- ##

/* confdefs.h */
#define PACKAGE_NAME "libpafe"
#define PACKAGE_TARNAME "libpafe"
#define PACKAGE_VERSION "0.0.8"
#define PACKAGE_STRING "libpafe 0.0.8"
#define PACKAGE_BUGREPORT "ZXB01226@nifty.com"
#define PACKAGE_URL ""
#define PACKAGE "libpafe"
#define VERSION "0.0.8"
#define STDC_HEADERS 1
#define HAVE_SYS_TYPES_H 1
#define HAVE_SYS_STAT_H 1
#define HAVE_STDLIB_H 1
#define HAVE_STRING_H 1
#define HAVE_MEMORY_H 1
#define HAVE_STRINGS_H 1
#define HAVE_INTTYPES_H 1
#define HAVE_STDINT_H 1
#define HAVE_UNISTD_H 1
#define HAVE_DLFCN_H 1
#define LT_OBJDIR ".libs/"
#define STDC_HEADERS 1
#define HAVE_FCNTL_H 1
#define HAVE_STDLIB_H 1
#define HAVE_STDIO_H 1
#define HAVE_STRING_H 1
#define HAVE_SYS_IOCTL_H 1
#define TIME_WITH_SYS_TIME 1
#define SIZEOF_SHORT 2
#define HAVE_STDLIB_H 1
#define HAVE_MALLOC 1
#define HAVE_SYS_TIME_H 1
#define HAVE_UNISTD_H 1
#define HAVE_ALARM 1
#define HAVE_SYS_SELECT_H 1
#define HAVE_SYS_SOCKET_H 1
#define SELECT_TYPE_ARG1 int
#define SELECT_TYPE_ARG234 (fd_set *)
#define SELECT_TYPE_ARG5 (struct timeval *)
#define HAVE_SELECT 1
#define HAVE_LIBUSB_1 1

configure: exit 0
