have_header: checking for libpafe/libpafe.h... -------------------- yes

"clang -o conftest -I/Users/kinoshitashun/.rbenv/versions/2.2.2/include/ruby-2.2.0/x86_64-darwin14 -I/Users/kinoshitashun/.rbenv/versions/2.2.2/include/ruby-2.2.0/ruby/backward -I/Users/kinoshitashun/.rbenv/versions/2.2.2/include/ruby-2.2.0 -I. -I/Users/kinoshitashun/.rbenv/versions/2.2.2/include  -D_XOPEN_SOURCE -D_DARWIN_C_SOURCE -D_DARWIN_UNLIMITED_SELECT -D_REENTRANT   -Wall -O2 conftest.c  -L. -L/Users/kinoshitashun/.rbenv/versions/2.2.2/lib -L. -L/Users/kinoshitashun/.rbenv/versions/2.2.2/lib  -fstack-protector -L/usr/local/lib     -lruby-static -framework CoreFoundation  -lpthread -lgmp -ldl -lobjc "
checked program was:
/* begin */
1: #include "ruby.h"
2: 
3: int main(int argc, char **argv)
4: {
5:   return 0;
6: }
/* end */

"clang -E -I/Users/kinoshitashun/.rbenv/versions/2.2.2/include/ruby-2.2.0/x86_64-darwin14 -I/Users/kinoshitashun/.rbenv/versions/2.2.2/include/ruby-2.2.0/ruby/backward -I/Users/kinoshitashun/.rbenv/versions/2.2.2/include/ruby-2.2.0 -I. -I/Users/kinoshitashun/.rbenv/versions/2.2.2/include  -D_XOPEN_SOURCE -D_DARWIN_C_SOURCE -D_DARWIN_UNLIMITED_SELECT -D_REENTRANT   -Wall -O2  conftest.c -o conftest.i"
checked program was:
/* begin */
1: #include "ruby.h"
2: 
3: #include <libpafe/libpafe.h>
/* end */

--------------------

have_library: checking for pasori_open() in -lpafe... -------------------- yes

"clang -o conftest -I/Users/kinoshitashun/.rbenv/versions/2.2.2/include/ruby-2.2.0/x86_64-darwin14 -I/Users/kinoshitashun/.rbenv/versions/2.2.2/include/ruby-2.2.0/ruby/backward -I/Users/kinoshitashun/.rbenv/versions/2.2.2/include/ruby-2.2.0 -I. -I/Users/kinoshitashun/.rbenv/versions/2.2.2/include  -D_XOPEN_SOURCE -D_DARWIN_C_SOURCE -D_DARWIN_UNLIMITED_SELECT -D_REENTRANT   -Wall -O2 conftest.c  -L. -L/Users/kinoshitashun/.rbenv/versions/2.2.2/lib -L. -L/Users/kinoshitashun/.rbenv/versions/2.2.2/lib  -fstack-protector -L/usr/local/lib     -lruby-static -framework CoreFoundation -lpafe  -lpthread -lgmp -ldl -lobjc "
conftest.c:13:57: error: use of undeclared identifier 'pasori_open'
int t(void) { void ((*volatile p)()); p = (void ((*)()))pasori_open; return 0; }
                                                        ^
1 error generated.
checked program was:
/* begin */
 1: #include "ruby.h"
 2: 
 3: /*top*/
 4: extern int t(void);
 5: int main(int argc, char **argv)
 6: {
 7:   if (argc > 1000000) {
 8:     printf("%p", &t);
 9:   }
10: 
11:   return 0;
12: }
13: int t(void) { void ((*volatile p)()); p = (void ((*)()))pasori_open; return 0; }
/* end */

"clang -o conftest -I/Users/kinoshitashun/.rbenv/versions/2.2.2/include/ruby-2.2.0/x86_64-darwin14 -I/Users/kinoshitashun/.rbenv/versions/2.2.2/include/ruby-2.2.0/ruby/backward -I/Users/kinoshitashun/.rbenv/versions/2.2.2/include/ruby-2.2.0 -I. -I/Users/kinoshitashun/.rbenv/versions/2.2.2/include  -D_XOPEN_SOURCE -D_DARWIN_C_SOURCE -D_DARWIN_UNLIMITED_SELECT -D_REENTRANT   -Wall -O2 conftest.c  -L. -L/Users/kinoshitashun/.rbenv/versions/2.2.2/lib -L. -L/Users/kinoshitashun/.rbenv/versions/2.2.2/lib  -fstack-protector -L/usr/local/lib     -lruby-static -framework CoreFoundation -lpafe  -lpthread -lgmp -ldl -lobjc "
conftest.c:13:15: warning: implicit declaration of function 'pasori_open' is invalid in C99 [-Wimplicit-function-declaration]
int t(void) { pasori_open(); return 0; }
              ^
1 warning generated.
checked program was:
/* begin */
 1: #include "ruby.h"
 2: 
 3: /*top*/
 4: extern int t(void);
 5: int main(int argc, char **argv)
 6: {
 7:   if (argc > 1000000) {
 8:     printf("%p", &t);
 9:   }
10: 
11:   return 0;
12: }
13: int t(void) { pasori_open(); return 0; }
/* end */

--------------------

